[debug] [2018-09-29T21:48:50.154Z] ----------------------------------------------------------------------
[debug] [2018-09-29T21:48:50.189Z] Command:       C:\Program Files\nodejs\node.exe C:\Users\lekhrajdinkar\AppData\Roaming\npm\node_modules\firebase-tools\bin\firebase deploy
[debug] [2018-09-29T21:48:50.190Z] CLI Version:   4.2.1
[debug] [2018-09-29T21:48:50.190Z] Platform:      win32
[debug] [2018-09-29T21:48:50.191Z] Node Version:  v8.11.3
[debug] [2018-09-29T21:48:50.256Z] Time:          Sat Sep 29 2018 14:48:50 GMT-0700 (Pacific Daylight Time)
[debug] [2018-09-29T21:48:50.256Z] ----------------------------------------------------------------------
[debug] 
[debug] [2018-09-29T21:48:50.528Z] > command requires scopes: ["email","openid","https://www.googleapis.com/auth/cloudplatformprojects.readonly","https://www.googleapis.com/auth/firebase","https://www.googleapis.com/auth/cloud-platform"]
[debug] [2018-09-29T21:48:50.535Z] > authorizing via signed-in user
[debug] [2018-09-29T21:48:50.545Z] >>> HTTP REQUEST GET https://admin.firebase.com/v1/projects/react16-p1  
 
[debug] [2018-09-29T21:48:52.187Z] <<< HTTP RESPONSE 200
[info] 
[info] === Deploying to 'react16-p1'...
[info] 
[info] i  deploying hosting
[debug] [2018-09-29T21:48:52.230Z] TypeError: Path must be a string. Received undefined
    at assertPath (path.js:28:11)
    at Object.resolve (path.js:211:7)
    at module.exports (C:\Users\lekhrajdinkar\AppData\Roaming\npm\node_modules\firebase-tools\lib\resolveProjectPath.js:7:15)
    at C:\Users\lekhrajdinkar\AppData\Roaming\npm\node_modules\firebase-tools\lib\deploy\hosting\prepare.js:57:32
    at arrayEach (C:\Users\lekhrajdinkar\AppData\Roaming\npm\node_modules\firebase-tools\node_modules\lodash\lodash.js:516:11)
    at Function.forEach (C:\Users\lekhrajdinkar\AppData\Roaming\npm\node_modules\firebase-tools\node_modules\lodash\lodash.js:9342:14)
    at module.exports (C:\Users\lekhrajdinkar\AppData\Roaming\npm\node_modules\firebase-tools\lib\deploy\hosting\prepare.js:37:5)
    at _chain (C:\Users\lekhrajdinkar\AppData\Roaming\npm\node_modules\firebase-tools\lib\deploy\index.js:26:38)
    at C:\Users\lekhrajdinkar\AppData\Roaming\npm\node_modules\firebase-tools\lib\deploy\index.js:83:14
    at <anonymous>
[error] 
[error] Error: An unexpected error has occurred.
